/var/spool/slurm/d/job66560/slurm_script: line 2: activate: No such file or directory
train3d.py:29: DtypeWarning: Columns (63) have mixed types.Specify dtype option on import or set low_memory=False.
  dataset = create_dataset(opt)  # create a dataset given opt.dataset_mode and other options
Setting up a new session...
Traceback (most recent call last):
  File "/ocean/projects/asc170022p/rohit33/anaconda3/envs/venv/lib/python3.6/site-packages/urllib3/connection.py", line 170, in _new_conn
    (self._dns_host, self.port), self.timeout, **extra_kw
  File "/ocean/projects/asc170022p/rohit33/anaconda3/envs/venv/lib/python3.6/site-packages/urllib3/util/connection.py", line 96, in create_connection
    raise err
  File "/ocean/projects/asc170022p/rohit33/anaconda3/envs/venv/lib/python3.6/site-packages/urllib3/util/connection.py", line 86, in create_connection
    sock.connect(sa)
ConnectionRefusedError: [Errno 111] Connection refused

During handling of the above exception, another exception occurred:

Traceback (most recent call last):
  File "/ocean/projects/asc170022p/rohit33/anaconda3/envs/venv/lib/python3.6/site-packages/urllib3/connectionpool.py", line 706, in urlopen
    chunked=chunked,
  File "/ocean/projects/asc170022p/rohit33/anaconda3/envs/venv/lib/python3.6/site-packages/urllib3/connectionpool.py", line 394, in _make_request
    conn.request(method, url, **httplib_request_kw)
  File "/ocean/projects/asc170022p/rohit33/anaconda3/envs/venv/lib/python3.6/site-packages/urllib3/connection.py", line 234, in request
    super(HTTPConnection, self).request(method, url, body=body, headers=headers)
  File "/ocean/projects/asc170022p/rohit33/anaconda3/envs/venv/lib/python3.6/http/client.py", line 1287, in request
    self._send_request(method, url, body, headers, encode_chunked)
  File "/ocean/projects/asc170022p/rohit33/anaconda3/envs/venv/lib/python3.6/http/client.py", line 1333, in _send_request
    self.endheaders(body, encode_chunked=encode_chunked)
  File "/ocean/projects/asc170022p/rohit33/anaconda3/envs/venv/lib/python3.6/http/client.py", line 1282, in endheaders
    self._send_output(message_body, encode_chunked=encode_chunked)
  File "/ocean/projects/asc170022p/rohit33/anaconda3/envs/venv/lib/python3.6/http/client.py", line 1042, in _send_output
    self.send(msg)
  File "/ocean/projects/asc170022p/rohit33/anaconda3/envs/venv/lib/python3.6/http/client.py", line 980, in send
    self.connect()
  File "/ocean/projects/asc170022p/rohit33/anaconda3/envs/venv/lib/python3.6/site-packages/urllib3/connection.py", line 200, in connect
    conn = self._new_conn()
  File "/ocean/projects/asc170022p/rohit33/anaconda3/envs/venv/lib/python3.6/site-packages/urllib3/connection.py", line 182, in _new_conn
    self, "Failed to establish a new connection: %s" % e
urllib3.exceptions.NewConnectionError: <urllib3.connection.HTTPConnection object at 0x14c0bec004e0>: Failed to establish a new connection: [Errno 111] Connection refused

During handling of the above exception, another exception occurred:

Traceback (most recent call last):
  File "/ocean/projects/asc170022p/rohit33/anaconda3/envs/venv/lib/python3.6/site-packages/requests/adapters.py", line 449, in send
    timeout=timeout
  File "/ocean/projects/asc170022p/rohit33/anaconda3/envs/venv/lib/python3.6/site-packages/urllib3/connectionpool.py", line 756, in urlopen
    method, url, error=e, _pool=self, _stacktrace=sys.exc_info()[2]
  File "/ocean/projects/asc170022p/rohit33/anaconda3/envs/venv/lib/python3.6/site-packages/urllib3/util/retry.py", line 573, in increment
    raise MaxRetryError(_pool, url, error or ResponseError(cause))
urllib3.exceptions.MaxRetryError: HTTPConnectionPool(host='localhost', port=8097): Max retries exceeded with url: /env/main (Caused by NewConnectionError('<urllib3.connection.HTTPConnection object at 0x14c0bec004e0>: Failed to establish a new connection: [Errno 111] Connection refused',))

During handling of the above exception, another exception occurred:

Traceback (most recent call last):
  File "/ocean/projects/asc170022p/rohit33/anaconda3/envs/venv/lib/python3.6/site-packages/visdom/__init__.py", line 711, in _send
    data=json.dumps(msg),
  File "/ocean/projects/asc170022p/rohit33/anaconda3/envs/venv/lib/python3.6/site-packages/visdom/__init__.py", line 677, in _handle_post
    r = self.session.post(url, data=data)
  File "/ocean/projects/asc170022p/rohit33/anaconda3/envs/venv/lib/python3.6/site-packages/requests/sessions.py", line 590, in post
    return self.request('POST', url, data=data, json=json, **kwargs)
  File "/ocean/projects/asc170022p/rohit33/anaconda3/envs/venv/lib/python3.6/site-packages/requests/sessions.py", line 542, in request
    resp = self.send(prep, **send_kwargs)
  File "/ocean/projects/asc170022p/rohit33/anaconda3/envs/venv/lib/python3.6/site-packages/requests/sessions.py", line 655, in send
    r = adapter.send(request, **kwargs)
  File "/ocean/projects/asc170022p/rohit33/anaconda3/envs/venv/lib/python3.6/site-packages/requests/adapters.py", line 516, in send
    raise ConnectionError(e, request=request)
requests.exceptions.ConnectionError: HTTPConnectionPool(host='localhost', port=8097): Max retries exceeded with url: /env/main (Caused by NewConnectionError('<urllib3.connection.HTTPConnection object at 0x14c0bec004e0>: Failed to establish a new connection: [Errno 111] Connection refused',))
[Errno 111] Connection refused
----------------- Options ---------------
               batch_size: 512                           	[default: 1]
                    beta1: 0.5                           
           cache_capacity: 10                            
          checkpoints_dir: /ocean/projects/asc170022p/rohit33/cyclegan_models/checkpoints
           continue_train: False                         
                crop_size: 256                           
                 dataroot: /ocean/projects/asc170022p/rohit33	[default: None]
             dataset_mode: copd2class                    	[default: unaligned]
                direction: AtoB                          
              display_env: main                          
             display_freq: 400                           
               display_id: 1                             
            display_ncols: 4                             
             display_port: 8097                          
           display_server: http://localhost              
          display_winsize: 256                           
                    epoch: latest                        
              epoch_count: 1                             
                 gan_mode: lsgan                         
                  gpu_ids: 0                             
                init_gain: 0.02                          
                init_type: normal                        
                 input_nc: 1                             	[default: 3]
                  isTrain: True                          	[default: None]
                 lambda_A: 10.0                          
                 lambda_B: 10.0                          
          lambda_identity: 0.0                           	[default: 0.5]
                load_iter: 0                             	[default: 0]
                load_size: 286                           
                       lr: 0.0002                        
           lr_decay_iters: 50                            
                lr_policy: linear                        
         max_dataset_size: inf                           
                    model: cycle_gan                     
                 n_epochs: 100                           
           n_epochs_decay: 100                           
               n_layers_D: 3                             
                     name: copd                          	[default: experiment_name]
                      ndf: 64                            
                     netD: basic3d                       	[default: basic]
                     netG: unet3d_32                     	[default: resnet_9blocks]
                      ngf: 64                            
               no_dropout: True                          
                  no_flip: False                         
                  no_html: False                         
                     norm: batch3d                       	[default: instance]
              num_threads: 4                             
                output_nc: 1                             	[default: 3]
                    phase: train                         
                pool_size: 50                            
               preprocess: resize_and_crop               
               print_freq: 100                           
                  sampler: copd2class                    	[default: ]
             save_by_iter: False                         
          save_epoch_freq: 5                             
         save_latest_freq: 5000                          
           serial_batches: False                         
                   suffix:                               
         update_html_freq: 1000                          
                  verbose: False                         
----------------- End -------------------
Using sampler : <data.sampler.Copd2classSampler object at 0x14c0ce059d30>
dataset [Copd2classDataset] was created
<data.CustomDatasetDataLoader object at 0x14c1552ebba8> 2225230
The number of training images = 2225230
initialize network with normal
initialize network with normal
initialize network with normal
initialize network with normal
model [CycleGANModel] was created
---------- Networks initialized -------------
[Network G_A] Total number of parameters : 0.153 M
[Network G_B] Total number of parameters : 0.153 M
[Network D_A] Total number of parameters : 0.173 M
[Network D_B] Total number of parameters : 0.173 M
-----------------------------------------------
Exception in user code:
------------------------------------------------------------


Could not connect to Visdom server. 
 Trying to start a server....
Command: /ocean/projects/asc170022p/rohit33/anaconda3/envs/venv/bin/python -m visdom.server -p 8097 &>/dev/null &
create web directory /ocean/projects/asc170022p/rohit33/cyclegan_models/checkpoints/copd/web...
learning rate 0.0002000 -> 0.0002000
/ocean/projects/asc170022p/rohit33/anaconda3/envs/venv/lib/python3.6/site-packages/torch/optim/lr_scheduler.py:136: UserWarning: Detected call of `lr_scheduler.step()` before `optimizer.step()`. In PyTorch 1.1.0 and later, you should call them in the opposite order: `optimizer.step()` before `lr_scheduler.step()`.  Failure to do this will result in PyTorch skipping the first value of the learning rate schedule. See more details at https://pytorch.org/docs/stable/optim.html#how-to-adjust-learning-rate
  "https://pytorch.org/docs/stable/optim.html#how-to-adjust-learning-rate", UserWarning)
(epoch: 1, iters: 12800, time: 0.005, data: 0.592) D_A: 0.049 G_A: 0.702 cycle_A: 3.483 idt_A: 0.000 D_B: 0.078 G_B: 0.497 cycle_B: 4.039 idt_B: 0.000 
(epoch: 1, iters: 25600, time: 0.005, data: 0.011) D_A: 0.107 G_A: 0.399 cycle_A: 2.913 idt_A: 0.000 D_B: 0.068 G_B: 0.845 cycle_B: 3.078 idt_B: 0.000 
(epoch: 1, iters: 38400, time: 0.005, data: 0.012) D_A: 0.709 G_A: 1.850 cycle_A: 2.694 idt_A: 0.000 D_B: 0.021 G_B: 0.783 cycle_B: 2.742 idt_B: 0.000 
(epoch: 1, iters: 51200, time: 0.005, data: 0.011) D_A: 0.107 G_A: 0.539 cycle_A: 2.943 idt_A: 0.000 D_B: 0.015 G_B: 0.818 cycle_B: 2.844 idt_B: 0.000 
(epoch: 1, iters: 64000, time: 0.005, data: 0.012) D_A: 0.067 G_A: 0.714 cycle_A: 2.643 idt_A: 0.000 D_B: 0.056 G_B: 1.262 cycle_B: 2.864 idt_B: 0.000 
(epoch: 1, iters: 76800, time: 0.005, data: 0.011) D_A: 0.024 G_A: 0.619 cycle_A: 2.422 idt_A: 0.000 D_B: 0.017 G_B: 0.831 cycle_B: 2.930 idt_B: 0.000 
(epoch: 1, iters: 89600, time: 0.005, data: 0.011) D_A: 0.203 G_A: 0.196 cycle_A: 2.638 idt_A: 0.000 D_B: 0.097 G_B: 0.306 cycle_B: 2.631 idt_B: 0.000 
(epoch: 1, iters: 102400, time: 0.005, data: 0.011) D_A: 0.023 G_A: 0.833 cycle_A: 2.596 idt_A: 0.000 D_B: 0.134 G_B: 1.640 cycle_B: 2.184 idt_B: 0.000 
(epoch: 1, iters: 115200, time: 0.005, data: 0.011) D_A: 0.009 G_A: 0.783 cycle_A: 2.307 idt_A: 0.000 D_B: 0.206 G_B: 2.151 cycle_B: 2.582 idt_B: 0.000 
(epoch: 1, iters: 128000, time: 0.005, data: 0.011) D_A: 0.414 G_A: 0.025 cycle_A: 2.445 idt_A: 0.000 D_B: 0.020 G_B: 0.679 cycle_B: 2.345 idt_B: 0.000 
(epoch: 1, iters: 140800, time: 0.005, data: 0.011) D_A: 0.075 G_A: 0.373 cycle_A: 2.368 idt_A: 0.000 D_B: 0.027 G_B: 0.746 cycle_B: 2.085 idt_B: 0.000 
(epoch: 1, iters: 153600, time: 0.005, data: 0.011) D_A: 0.013 G_A: 1.249 cycle_A: 2.258 idt_A: 0.000 D_B: 0.014 G_B: 1.239 cycle_B: 2.307 idt_B: 0.000 
(epoch: 1, iters: 166400, time: 0.005, data: 0.011) D_A: 0.003 G_A: 0.990 cycle_A: 2.068 idt_A: 0.000 D_B: 0.013 G_B: 0.697 cycle_B: 2.259 idt_B: 0.000 
(epoch: 1, iters: 179200, time: 0.005, data: 0.011) D_A: 0.066 G_A: 0.427 cycle_A: 2.282 idt_A: 0.000 D_B: 0.049 G_B: 0.589 cycle_B: 2.219 idt_B: 0.000 
(epoch: 1, iters: 192000, time: 0.005, data: 0.011) D_A: 0.029 G_A: 1.323 cycle_A: 2.062 idt_A: 0.000 D_B: 0.076 G_B: 0.413 cycle_B: 2.288 idt_B: 0.000 
(epoch: 1, iters: 204800, time: 0.005, data: 0.011) D_A: 0.313 G_A: 0.667 cycle_A: 2.195 idt_A: 0.000 D_B: 0.007 G_B: 1.169 cycle_B: 1.948 idt_B: 0.000 
(epoch: 1, iters: 217600, time: 0.005, data: 0.011) D_A: 0.044 G_A: 0.919 cycle_A: 2.393 idt_A: 0.000 D_B: 0.060 G_B: 0.433 cycle_B: 2.294 idt_B: 0.000 
(epoch: 1, iters: 230400, time: 0.005, data: 0.011) D_A: 0.405 G_A: 0.015 cycle_A: 2.355 idt_A: 0.000 D_B: 0.014 G_B: 0.698 cycle_B: 1.949 idt_B: 0.000 
(epoch: 1, iters: 243200, time: 0.005, data: 0.011) D_A: 0.057 G_A: 0.416 cycle_A: 1.989 idt_A: 0.000 D_B: 0.003 G_B: 0.960 cycle_B: 2.289 idt_B: 0.000 
(epoch: 1, iters: 256000, time: 0.005, data: 0.011) D_A: 0.022 G_A: 1.099 cycle_A: 2.021 idt_A: 0.000 D_B: 0.154 G_B: 0.219 cycle_B: 2.273 idt_B: 0.000 
(epoch: 1, iters: 268800, time: 0.005, data: 0.011) D_A: 0.045 G_A: 0.478 cycle_A: 1.816 idt_A: 0.000 D_B: 0.011 G_B: 0.771 cycle_B: 1.884 idt_B: 0.000 
(epoch: 1, iters: 281600, time: 0.005, data: 0.011) D_A: 0.164 G_A: 0.171 cycle_A: 1.857 idt_A: 0.000 D_B: 0.064 G_B: 0.698 cycle_B: 2.058 idt_B: 0.000 
(epoch: 1, iters: 294400, time: 0.005, data: 0.011) D_A: 0.038 G_A: 0.566 cycle_A: 1.993 idt_A: 0.000 D_B: 0.006 G_B: 1.022 cycle_B: 1.819 idt_B: 0.000 
(epoch: 1, iters: 307200, time: 0.005, data: 0.011) D_A: 0.459 G_A: 1.386 cycle_A: 2.153 idt_A: 0.000 D_B: 0.002 G_B: 1.097 cycle_B: 1.818 idt_B: 0.000 
(epoch: 1, iters: 320000, time: 0.005, data: 0.011) D_A: 0.189 G_A: 0.119 cycle_A: 2.027 idt_A: 0.000 D_B: 0.002 G_B: 1.038 cycle_B: 2.045 idt_B: 0.000 
saving the latest model (epoch 1, total_iters 320000)
(epoch: 1, iters: 332800, time: 0.005, data: 0.011) D_A: 0.004 G_A: 0.922 cycle_A: 1.942 idt_A: 0.000 D_B: 0.003 G_B: 1.024 cycle_B: 1.989 idt_B: 0.000 
(epoch: 1, iters: 345600, time: 0.005, data: 0.011) D_A: 0.022 G_A: 1.057 cycle_A: 1.893 idt_A: 0.000 D_B: 0.001 G_B: 1.032 cycle_B: 2.299 idt_B: 0.000 
(epoch: 1, iters: 358400, time: 0.005, data: 0.011) D_A: 0.054 G_A: 1.252 cycle_A: 1.849 idt_A: 0.000 D_B: 0.092 G_B: 0.720 cycle_B: 2.614 idt_B: 0.000 
(epoch: 1, iters: 371200, time: 0.005, data: 0.011) D_A: 0.303 G_A: 1.092 cycle_A: 2.143 idt_A: 0.000 D_B: 0.031 G_B: 0.590 cycle_B: 2.419 idt_B: 0.000 
(epoch: 1, iters: 384000, time: 0.005, data: 0.011) D_A: 0.087 G_A: 0.343 cycle_A: 2.088 idt_A: 0.000 D_B: 0.040 G_B: 0.570 cycle_B: 2.111 idt_B: 0.000 
(epoch: 1, iters: 396800, time: 0.005, data: 0.011) D_A: 0.153 G_A: 0.179 cycle_A: 2.129 idt_A: 0.000 D_B: 0.007 G_B: 0.863 cycle_B: 1.784 idt_B: 0.000 
(epoch: 1, iters: 409600, time: 0.005, data: 0.011) D_A: 0.004 G_A: 0.912 cycle_A: 1.832 idt_A: 0.000 D_B: 0.003 G_B: 1.042 cycle_B: 1.735 idt_B: 0.000 
(epoch: 1, iters: 422400, time: 0.005, data: 0.011) D_A: 0.008 G_A: 1.142 cycle_A: 2.049 idt_A: 0.000 D_B: 0.004 G_B: 0.835 cycle_B: 1.830 idt_B: 0.000 
(epoch: 1, iters: 435200, time: 0.005, data: 0.011) D_A: 0.004 G_A: 0.866 cycle_A: 1.862 idt_A: 0.000 D_B: 0.357 G_B: 1.577 cycle_B: 1.890 idt_B: 0.000 
(epoch: 1, iters: 448000, time: 0.005, data: 0.011) D_A: 0.092 G_A: 0.334 cycle_A: 1.921 idt_A: 0.000 D_B: 0.014 G_B: 1.213 cycle_B: 2.012 idt_B: 0.000 
(epoch: 1, iters: 460800, time: 0.005, data: 0.011) D_A: 0.325 G_A: 0.539 cycle_A: 1.720 idt_A: 0.000 D_B: 0.017 G_B: 0.850 cycle_B: 1.959 idt_B: 0.000 
(epoch: 1, iters: 473600, time: 0.005, data: 0.011) D_A: 0.366 G_A: 0.591 cycle_A: 2.012 idt_A: 0.000 D_B: 0.073 G_B: 0.445 cycle_B: 2.037 idt_B: 0.000 
(epoch: 1, iters: 486400, time: 0.005, data: 0.011) D_A: 0.192 G_A: 0.505 cycle_A: 1.799 idt_A: 0.000 D_B: 0.065 G_B: 0.641 cycle_B: 2.303 idt_B: 0.000 
(epoch: 1, iters: 499200, time: 0.005, data: 0.011) D_A: 0.054 G_A: 0.481 cycle_A: 1.812 idt_A: 0.000 D_B: 0.090 G_B: 0.318 cycle_B: 1.811 idt_B: 0.000 
(epoch: 1, iters: 512000, time: 0.005, data: 0.011) D_A: 0.002 G_A: 0.938 cycle_A: 1.822 idt_A: 0.000 D_B: 0.007 G_B: 0.787 cycle_B: 1.834 idt_B: 0.000 
(epoch: 1, iters: 524800, time: 0.005, data: 0.011) D_A: 0.340 G_A: 0.029 cycle_A: 1.875 idt_A: 0.000 D_B: 0.314 G_B: 0.805 cycle_B: 1.763 idt_B: 0.000 
(epoch: 1, iters: 537600, time: 0.005, data: 0.011) D_A: 0.001 G_A: 0.972 cycle_A: 1.723 idt_A: 0.000 D_B: 0.010 G_B: 0.735 cycle_B: 1.768 idt_B: 0.000 
(epoch: 1, iters: 550400, time: 0.005, data: 0.011) D_A: 0.167 G_A: 0.279 cycle_A: 2.402 idt_A: 0.000 D_B: 0.003 G_B: 0.978 cycle_B: 1.782 idt_B: 0.000 
(epoch: 1, iters: 563200, time: 0.005, data: 0.011) D_A: 0.004 G_A: 1.025 cycle_A: 1.743 idt_A: 0.000 D_B: 0.001 G_B: 0.993 cycle_B: 1.723 idt_B: 0.000 
(epoch: 1, iters: 576000, time: 0.005, data: 0.011) D_A: 0.212 G_A: 0.082 cycle_A: 1.687 idt_A: 0.000 D_B: 0.003 G_B: 0.985 cycle_B: 1.761 idt_B: 0.000 
(epoch: 1, iters: 588800, time: 0.005, data: 0.011) D_A: 0.306 G_A: 0.942 cycle_A: 1.776 idt_A: 0.000 D_B: 0.028 G_B: 0.639 cycle_B: 2.549 idt_B: 0.000 
(epoch: 1, iters: 601600, time: 0.005, data: 0.011) D_A: 0.022 G_A: 0.741 cycle_A: 4.835 idt_A: 0.000 D_B: 0.164 G_B: 0.349 cycle_B: 1.983 idt_B: 0.000 
(epoch: 1, iters: 614400, time: 0.005, data: 0.011) D_A: 0.007 G_A: 0.848 cycle_A: 1.757 idt_A: 0.000 D_B: 0.028 G_B: 1.180 cycle_B: 1.903 idt_B: 0.000 
(epoch: 1, iters: 627200, time: 0.005, data: 0.011) D_A: 0.052 G_A: 1.088 cycle_A: 1.848 idt_A: 0.000 D_B: 0.019 G_B: 0.669 cycle_B: 2.102 idt_B: 0.000 
(epoch: 1, iters: 640000, time: 0.005, data: 0.011) D_A: 0.007 G_A: 0.893 cycle_A: 1.936 idt_A: 0.000 D_B: 0.026 G_B: 0.621 cycle_B: 1.732 idt_B: 0.000 
saving the latest model (epoch 1, total_iters 640000)
(epoch: 1, iters: 652800, time: 0.005, data: 0.011) D_A: 0.005 G_A: 0.856 cycle_A: 1.937 idt_A: 0.000 D_B: 0.021 G_B: 0.569 cycle_B: 1.875 idt_B: 0.000 
(epoch: 1, iters: 665600, time: 0.005, data: 0.011) D_A: 0.013 G_A: 1.338 cycle_A: 1.686 idt_A: 0.000 D_B: 0.051 G_B: 1.332 cycle_B: 1.845 idt_B: 0.000 
(epoch: 1, iters: 678400, time: 0.005, data: 0.011) D_A: 0.028 G_A: 0.604 cycle_A: 1.671 idt_A: 0.000 D_B: 0.193 G_B: 0.357 cycle_B: 1.906 idt_B: 0.000 
(epoch: 1, iters: 691200, time: 0.005, data: 0.011) D_A: 0.001 G_A: 0.959 cycle_A: 1.927 idt_A: 0.000 D_B: 0.009 G_B: 0.827 cycle_B: 1.691 idt_B: 0.000 
(epoch: 1, iters: 704000, time: 0.005, data: 0.011) D_A: 0.232 G_A: 0.285 cycle_A: 1.659 idt_A: 0.000 D_B: 0.014 G_B: 1.195 cycle_B: 1.686 idt_B: 0.000 
(epoch: 1, iters: 716800, time: 0.005, data: 0.011) D_A: 0.060 G_A: 0.712 cycle_A: 1.802 idt_A: 0.000 D_B: 0.003 G_B: 1.005 cycle_B: 1.769 idt_B: 0.000 
(epoch: 1, iters: 729600, time: 0.005, data: 0.011) D_A: 0.140 G_A: 0.280 cycle_A: 1.675 idt_A: 0.000 D_B: 0.003 G_B: 1.121 cycle_B: 2.448 idt_B: 0.000 
(epoch: 1, iters: 742400, time: 0.005, data: 0.011) D_A: 0.017 G_A: 1.297 cycle_A: 1.735 idt_A: 0.000 D_B: 0.022 G_B: 1.161 cycle_B: 2.024 idt_B: 0.000 
(epoch: 1, iters: 755200, time: 0.005, data: 0.011) D_A: 0.013 G_A: 0.825 cycle_A: 1.762 idt_A: 0.000 D_B: 0.009 G_B: 0.847 cycle_B: 2.446 idt_B: 0.000 
(epoch: 1, iters: 768000, time: 0.005, data: 0.011) D_A: 0.001 G_A: 0.974 cycle_A: 1.932 idt_A: 0.000 D_B: 0.003 G_B: 0.947 cycle_B: 1.909 idt_B: 0.000 
(epoch: 1, iters: 780800, time: 0.005, data: 0.011) D_A: 0.001 G_A: 0.977 cycle_A: 1.765 idt_A: 0.000 D_B: 0.002 G_B: 0.937 cycle_B: 1.636 idt_B: 0.000 
(epoch: 1, iters: 793600, time: 0.005, data: 0.011) D_A: 0.001 G_A: 0.966 cycle_A: 1.686 idt_A: 0.000 D_B: 0.003 G_B: 1.029 cycle_B: 2.315 idt_B: 0.000 
(epoch: 1, iters: 806400, time: 0.005, data: 0.011) D_A: 0.003 G_A: 0.949 cycle_A: 1.809 idt_A: 0.000 D_B: 0.003 G_B: 1.057 cycle_B: 1.938 idt_B: 0.000 
(epoch: 1, iters: 819200, time: 0.005, data: 0.011) D_A: 0.001 G_A: 0.929 cycle_A: 1.872 idt_A: 0.000 D_B: 0.004 G_B: 0.917 cycle_B: 1.798 idt_B: 0.000 
(epoch: 1, iters: 832000, time: 0.005, data: 0.011) D_A: 0.001 G_A: 0.969 cycle_A: 1.819 idt_A: 0.000 D_B: 0.001 G_B: 0.989 cycle_B: 1.748 idt_B: 0.000 
(epoch: 1, iters: 844800, time: 0.005, data: 0.011) D_A: 0.001 G_A: 1.058 cycle_A: 1.580 idt_A: 0.000 D_B: 0.085 G_B: 0.727 cycle_B: 1.883 idt_B: 0.000 
(epoch: 1, iters: 857600, time: 0.005, data: 0.011) D_A: 0.001 G_A: 1.008 cycle_A: 1.530 idt_A: 0.000 D_B: 0.012 G_B: 0.974 cycle_B: 1.647 idt_B: 0.000 
(epoch: 1, iters: 870400, time: 0.005, data: 0.011) D_A: 0.001 G_A: 1.007 cycle_A: 1.833 idt_A: 0.000 D_B: 0.002 G_B: 1.026 cycle_B: 1.604 idt_B: 0.000 
(epoch: 1, iters: 883200, time: 0.005, data: 0.011) D_A: 0.002 G_A: 0.955 cycle_A: 1.642 idt_A: 0.000 D_B: 0.013 G_B: 0.724 cycle_B: 1.795 idt_B: 0.000 
(epoch: 1, iters: 896000, time: 0.005, data: 0.011) D_A: 0.001 G_A: 0.924 cycle_A: 1.984 idt_A: 0.000 D_B: 0.122 G_B: 0.276 cycle_B: 1.921 idt_B: 0.000 
(epoch: 1, iters: 908800, time: 0.005, data: 0.011) D_A: 0.010 G_A: 1.083 cycle_A: 2.120 idt_A: 0.000 D_B: 0.002 G_B: 0.966 cycle_B: 1.895 idt_B: 0.000 
(epoch: 1, iters: 921600, time: 0.005, data: 0.011) D_A: 0.037 G_A: 0.793 cycle_A: 1.816 idt_A: 0.000 D_B: 0.321 G_B: 0.047 cycle_B: 1.650 idt_B: 0.000 
(epoch: 1, iters: 934400, time: 0.005, data: 0.011) D_A: 0.011 G_A: 1.028 cycle_A: 1.527 idt_A: 0.000 D_B: 0.164 G_B: 0.780 cycle_B: 1.738 idt_B: 0.000 
(epoch: 1, iters: 947200, time: 0.005, data: 0.011) D_A: 0.063 G_A: 0.729 cycle_A: 1.693 idt_A: 0.000 D_B: 0.044 G_B: 0.501 cycle_B: 1.844 idt_B: 0.000 
(epoch: 1, iters: 960000, time: 0.005, data: 0.011) D_A: 0.261 G_A: 0.269 cycle_A: 1.651 idt_A: 0.000 D_B: 0.009 G_B: 0.780 cycle_B: 1.505 idt_B: 0.000 
saving the latest model (epoch 1, total_iters 960000)
(epoch: 1, iters: 972800, time: 0.005, data: 0.042) D_A: 0.003 G_A: 0.890 cycle_A: 1.880 idt_A: 0.000 D_B: 0.002 G_B: 0.932 cycle_B: 1.903 idt_B: 0.000 
(epoch: 1, iters: 985600, time: 0.005, data: 0.011) D_A: 0.003 G_A: 0.991 cycle_A: 1.683 idt_A: 0.000 D_B: 0.001 G_B: 0.979 cycle_B: 2.015 idt_B: 0.000 
(epoch: 1, iters: 998400, time: 0.005, data: 0.011) D_A: 0.002 G_A: 1.107 cycle_A: 1.729 idt_A: 0.000 D_B: 0.055 G_B: 1.152 cycle_B: 1.668 idt_B: 0.000 
(epoch: 1, iters: 1011200, time: 0.005, data: 0.011) D_A: 0.005 G_A: 1.083 cycle_A: 1.826 idt_A: 0.000 D_B: 0.492 G_B: 1.280 cycle_B: 2.015 idt_B: 0.000 
(epoch: 1, iters: 1024000, time: 0.005, data: 0.038) D_A: 0.019 G_A: 0.850 cycle_A: 1.742 idt_A: 0.000 D_B: 0.007 G_B: 0.762 cycle_B: 2.188 idt_B: 0.000 
(epoch: 1, iters: 1036800, time: 0.005, data: 0.011) D_A: 0.025 G_A: 0.683 cycle_A: 1.746 idt_A: 0.000 D_B: 0.006 G_B: 0.826 cycle_B: 1.682 idt_B: 0.000 
(epoch: 1, iters: 1049600, time: 0.005, data: 0.011) D_A: 0.004 G_A: 1.111 cycle_A: 1.645 idt_A: 0.000 D_B: 0.003 G_B: 0.908 cycle_B: 1.755 idt_B: 0.000 
(epoch: 1, iters: 1062400, time: 0.005, data: 0.011) D_A: 0.001 G_A: 0.927 cycle_A: 1.787 idt_A: 0.000 D_B: 0.005 G_B: 0.873 cycle_B: 1.604 idt_B: 0.000 
(epoch: 1, iters: 1075200, time: 0.005, data: 0.011) D_A: 0.171 G_A: 0.377 cycle_A: 1.999 idt_A: 0.000 D_B: 0.028 G_B: 0.568 cycle_B: 1.924 idt_B: 0.000 
(epoch: 1, iters: 1088000, time: 0.005, data: 0.011) D_A: 0.012 G_A: 1.276 cycle_A: 1.764 idt_A: 0.000 D_B: 0.002 G_B: 0.879 cycle_B: 2.070 idt_B: 0.000 
(epoch: 1, iters: 1100800, time: 0.005, data: 0.011) D_A: 0.043 G_A: 0.612 cycle_A: 1.649 idt_A: 0.000 D_B: 0.054 G_B: 0.636 cycle_B: 1.744 idt_B: 0.000 
(epoch: 1, iters: 1113600, time: 0.005, data: 0.011) D_A: 0.003 G_A: 1.110 cycle_A: 2.000 idt_A: 0.000 D_B: 0.026 G_B: 0.886 cycle_B: 1.722 idt_B: 0.000 
(epoch: 1, iters: 1126400, time: 0.005, data: 0.011) D_A: 0.037 G_A: 0.527 cycle_A: 1.898 idt_A: 0.000 D_B: 0.016 G_B: 0.684 cycle_B: 2.176 idt_B: 0.000 
(epoch: 1, iters: 1139200, time: 0.005, data: 0.011) D_A: 0.008 G_A: 0.869 cycle_A: 1.614 idt_A: 0.000 D_B: 0.006 G_B: 0.925 cycle_B: 1.741 idt_B: 0.000 
(epoch: 1, iters: 1152000, time: 0.005, data: 0.011) D_A: 0.017 G_A: 1.341 cycle_A: 1.825 idt_A: 0.000 D_B: 0.034 G_B: 0.624 cycle_B: 1.974 idt_B: 0.000 
(epoch: 1, iters: 1164800, time: 0.005, data: 0.011) D_A: 0.002 G_A: 0.909 cycle_A: 1.771 idt_A: 0.000 D_B: 0.005 G_B: 0.849 cycle_B: 1.615 idt_B: 0.000 
(epoch: 1, iters: 1177600, time: 0.005, data: 0.011) D_A: 0.006 G_A: 0.951 cycle_A: 1.674 idt_A: 0.000 D_B: 0.002 G_B: 0.923 cycle_B: 1.566 idt_B: 0.000 
(epoch: 1, iters: 1190400, time: 0.005, data: 0.011) D_A: 0.043 G_A: 0.478 cycle_A: 1.789 idt_A: 0.000 D_B: 0.021 G_B: 0.849 cycle_B: 1.785 idt_B: 0.000 
(epoch: 1, iters: 1203200, time: 0.005, data: 0.011) D_A: 0.003 G_A: 0.886 cycle_A: 1.904 idt_A: 0.000 D_B: 0.002 G_B: 1.054 cycle_B: 1.763 idt_B: 0.000 
(epoch: 1, iters: 1216000, time: 0.005, data: 0.012) D_A: 0.006 G_A: 0.832 cycle_A: 1.541 idt_A: 0.000 D_B: 0.050 G_B: 0.598 cycle_B: 1.825 idt_B: 0.000 
(epoch: 1, iters: 1228800, time: 0.005, data: 0.011) D_A: 0.238 G_A: 0.291 cycle_A: 1.613 idt_A: 0.000 D_B: 0.013 G_B: 1.034 cycle_B: 1.886 idt_B: 0.000 
(epoch: 1, iters: 1241600, time: 0.005, data: 0.011) D_A: 0.010 G_A: 0.791 cycle_A: 1.655 idt_A: 0.000 D_B: 0.008 G_B: 0.771 cycle_B: 1.875 idt_B: 0.000 
(epoch: 1, iters: 1254400, time: 0.005, data: 0.011) D_A: 0.003 G_A: 1.002 cycle_A: 1.979 idt_A: 0.000 D_B: 0.001 G_B: 1.007 cycle_B: 1.769 idt_B: 0.000 
(epoch: 1, iters: 1267200, time: 0.005, data: 0.011) D_A: 0.044 G_A: 0.472 cycle_A: 2.121 idt_A: 0.000 D_B: 0.020 G_B: 1.295 cycle_B: 1.717 idt_B: 0.000 
(epoch: 1, iters: 1280000, time: 0.005, data: 0.011) D_A: 0.008 G_A: 0.968 cycle_A: 1.631 idt_A: 0.000 D_B: 0.520 G_B: 0.001 cycle_B: 1.678 idt_B: 0.000 
saving the latest model (epoch 1, total_iters 1280000)
(epoch: 1, iters: 1292800, time: 0.005, data: 0.011) D_A: 0.003 G_A: 0.908 cycle_A: 1.603 idt_A: 0.000 D_B: 0.001 G_B: 0.936 cycle_B: 1.833 idt_B: 0.000 
(epoch: 1, iters: 1305600, time: 0.005, data: 0.011) D_A: 0.112 G_A: 0.707 cycle_A: 1.820 idt_A: 0.000 D_B: 0.009 G_B: 1.233 cycle_B: 1.720 idt_B: 0.000 
(epoch: 1, iters: 1318400, time: 0.005, data: 0.011) D_A: 0.002 G_A: 0.939 cycle_A: 1.718 idt_A: 0.000 D_B: 0.029 G_B: 0.675 cycle_B: 1.924 idt_B: 0.000 
(epoch: 1, iters: 1331200, time: 0.005, data: 0.011) D_A: 0.455 G_A: 1.268 cycle_A: 1.908 idt_A: 0.000 D_B: 0.004 G_B: 0.948 cycle_B: 1.741 idt_B: 0.000 
(epoch: 1, iters: 1344000, time: 0.005, data: 0.011) D_A: 0.011 G_A: 0.759 cycle_A: 1.626 idt_A: 0.000 D_B: 0.003 G_B: 0.850 cycle_B: 1.601 idt_B: 0.000 
(epoch: 1, iters: 1356800, time: 0.005, data: 0.011) D_A: 0.312 G_A: 1.200 cycle_A: 1.780 idt_A: 0.000 D_B: 0.077 G_B: 1.048 cycle_B: 1.973 idt_B: 0.000 
(epoch: 1, iters: 1369600, time: 0.005, data: 0.011) D_A: 0.001 G_A: 0.936 cycle_A: 1.892 idt_A: 0.000 D_B: 0.008 G_B: 0.755 cycle_B: 1.671 idt_B: 0.000 
(epoch: 1, iters: 1382400, time: 0.005, data: 0.011) D_A: 0.004 G_A: 1.155 cycle_A: 1.604 idt_A: 0.000 D_B: 0.001 G_B: 0.943 cycle_B: 1.720 idt_B: 0.000 
(epoch: 1, iters: 1395200, time: 0.005, data: 0.011) D_A: 0.009 G_A: 0.783 cycle_A: 1.493 idt_A: 0.000 D_B: 0.002 G_B: 1.122 cycle_B: 1.694 idt_B: 0.000 
(epoch: 1, iters: 1408000, time: 0.005, data: 0.011) D_A: 0.001 G_A: 1.031 cycle_A: 1.985 idt_A: 0.000 D_B: 0.007 G_B: 1.224 cycle_B: 1.517 idt_B: 0.000 
(epoch: 1, iters: 1420800, time: 0.005, data: 0.011) D_A: 0.001 G_A: 1.017 cycle_A: 2.210 idt_A: 0.000 D_B: 0.003 G_B: 1.101 cycle_B: 2.067 idt_B: 0.000 
(epoch: 1, iters: 1433600, time: 0.005, data: 0.011) D_A: 0.270 G_A: 0.552 cycle_A: 1.674 idt_A: 0.000 D_B: 0.000 G_B: 0.988 cycle_B: 1.491 idt_B: 0.000 
(epoch: 1, iters: 1446400, time: 0.005, data: 0.011) D_A: 0.157 G_A: 0.196 cycle_A: 1.787 idt_A: 0.000 D_B: 0.000 G_B: 0.995 cycle_B: 1.581 idt_B: 0.000 
(epoch: 1, iters: 1459200, time: 0.005, data: 0.011) D_A: 0.245 G_A: 0.259 cycle_A: 1.428 idt_A: 0.000 D_B: 0.001 G_B: 1.040 cycle_B: 1.759 idt_B: 0.000 
(epoch: 1, iters: 1472000, time: 0.005, data: 0.011) D_A: 0.113 G_A: 0.429 cycle_A: 1.595 idt_A: 0.000 D_B: 0.217 G_B: 0.094 cycle_B: 1.581 idt_B: 0.000 
(epoch: 1, iters: 1484800, time: 0.005, data: 0.011) D_A: 0.051 G_A: 0.633 cycle_A: 1.551 idt_A: 0.000 D_B: 0.233 G_B: 0.558 cycle_B: 1.743 idt_B: 0.000 
(epoch: 1, iters: 1497600, time: 0.005, data: 0.011) D_A: 0.131 G_A: 1.745 cycle_A: 1.610 idt_A: 0.000 D_B: 0.012 G_B: 0.751 cycle_B: 1.799 idt_B: 0.000 
(epoch: 1, iters: 1510400, time: 0.005, data: 0.011) D_A: 0.059 G_A: 0.555 cycle_A: 1.526 idt_A: 0.000 D_B: 0.009 G_B: 0.771 cycle_B: 1.454 idt_B: 0.000 
(epoch: 1, iters: 1523200, time: 0.005, data: 0.011) D_A: 0.006 G_A: 0.897 cycle_A: 1.851 idt_A: 0.000 D_B: 0.010 G_B: 0.576 cycle_B: 1.788 idt_B: 0.000 
(epoch: 1, iters: 1536000, time: 0.005, data: 0.011) D_A: 0.010 G_A: 0.823 cycle_A: 1.624 idt_A: 0.000 D_B: 0.000 G_B: 0.992 cycle_B: 1.906 idt_B: 0.000 
(epoch: 1, iters: 1548800, time: 0.005, data: 0.011) D_A: 0.004 G_A: 1.009 cycle_A: 1.638 idt_A: 0.000 D_B: 0.001 G_B: 1.011 cycle_B: 1.746 idt_B: 0.000 
(epoch: 1, iters: 1561600, time: 0.005, data: 0.011) D_A: 0.001 G_A: 0.972 cycle_A: 1.630 idt_A: 0.000 D_B: 0.000 G_B: 1.012 cycle_B: 1.609 idt_B: 0.000 
(epoch: 1, iters: 1574400, time: 0.005, data: 0.011) D_A: 0.002 G_A: 1.038 cycle_A: 2.208 idt_A: 0.000 D_B: 0.000 G_B: 1.008 cycle_B: 1.744 idt_B: 0.000 
(epoch: 1, iters: 1587200, time: 0.005, data: 0.011) D_A: 0.245 G_A: 0.087 cycle_A: 1.810 idt_A: 0.000 D_B: 0.002 G_B: 0.848 cycle_B: 1.701 idt_B: 0.000 
(epoch: 1, iters: 1600000, time: 0.005, data: 0.011) D_A: 0.007 G_A: 0.768 cycle_A: 2.357 idt_A: 0.000 D_B: 0.001 G_B: 1.043 cycle_B: 1.897 idt_B: 0.000 
saving the latest model (epoch 1, total_iters 1600000)
(epoch: 1, iters: 1612800, time: 0.005, data: 0.011) D_A: 0.021 G_A: 0.962 cycle_A: 2.054 idt_A: 0.000 D_B: 0.000 G_B: 1.000 cycle_B: 1.634 idt_B: 0.000 
(epoch: 1, iters: 1625600, time: 0.005, data: 0.011) D_A: 0.004 G_A: 0.940 cycle_A: 1.743 idt_A: 0.000 D_B: 0.000 G_B: 0.991 cycle_B: 1.667 idt_B: 0.000 
(epoch: 1, iters: 1638400, time: 0.005, data: 0.012) D_A: 0.167 G_A: 0.699 cycle_A: 1.874 idt_A: 0.000 D_B: 0.002 G_B: 1.135 cycle_B: 1.794 idt_B: 0.000 
(epoch: 1, iters: 1651200, time: 0.005, data: 0.011) D_A: 0.014 G_A: 1.011 cycle_A: 1.657 idt_A: 0.000 D_B: 0.002 G_B: 1.020 cycle_B: 1.905 idt_B: 0.000 
(epoch: 1, iters: 1664000, time: 0.005, data: 0.011) D_A: 0.031 G_A: 0.582 cycle_A: 1.613 idt_A: 0.000 D_B: 0.228 G_B: 0.288 cycle_B: 1.568 idt_B: 0.000 
(epoch: 1, iters: 1676800, time: 0.005, data: 0.012) D_A: 0.009 G_A: 0.712 cycle_A: 2.285 idt_A: 0.000 D_B: 0.001 G_B: 1.008 cycle_B: 1.610 idt_B: 0.000 
(epoch: 1, iters: 1689600, time: 0.005, data: 0.012) D_A: 0.001 G_A: 0.944 cycle_A: 1.850 idt_A: 0.000 D_B: 0.074 G_B: 0.260 cycle_B: 1.880 idt_B: 0.000 
(epoch: 1, iters: 1702400, time: 0.005, data: 0.012) D_A: 0.001 G_A: 0.945 cycle_A: 2.429 idt_A: 0.000 D_B: 0.007 G_B: 0.758 cycle_B: 1.651 idt_B: 0.000 
(epoch: 1, iters: 1715200, time: 0.005, data: 0.012) D_A: 0.001 G_A: 1.001 cycle_A: 2.228 idt_A: 0.000 D_B: 0.002 G_B: 1.059 cycle_B: 2.138 idt_B: 0.000 
(epoch: 1, iters: 1728000, time: 0.005, data: 0.011) D_A: 0.017 G_A: 0.706 cycle_A: 1.705 idt_A: 0.000 D_B: 0.002 G_B: 0.963 cycle_B: 1.743 idt_B: 0.000 
(epoch: 1, iters: 1740800, time: 0.005, data: 0.011) D_A: 0.007 G_A: 0.810 cycle_A: 1.484 idt_A: 0.000 D_B: 0.003 G_B: 0.875 cycle_B: 1.845 idt_B: 0.000 
(epoch: 1, iters: 1753600, time: 0.005, data: 0.011) D_A: 0.009 G_A: 0.871 cycle_A: 1.733 idt_A: 0.000 D_B: 0.002 G_B: 1.101 cycle_B: 1.749 idt_B: 0.000 
(epoch: 1, iters: 1766400, time: 0.005, data: 0.011) D_A: 0.016 G_A: 1.254 cycle_A: 1.630 idt_A: 0.000 D_B: 0.000 G_B: 0.991 cycle_B: 1.748 idt_B: 0.000 
(epoch: 1, iters: 1779200, time: 0.005, data: 0.012) D_A: 0.002 G_A: 0.988 cycle_A: 1.580 idt_A: 0.000 D_B: 0.001 G_B: 0.938 cycle_B: 1.617 idt_B: 0.000 
(epoch: 1, iters: 1792000, time: 0.005, data: 0.011) D_A: 0.245 G_A: 0.194 cycle_A: 1.680 idt_A: 0.000 D_B: 0.366 G_B: 0.715 cycle_B: 1.496 idt_B: 0.000 
(epoch: 1, iters: 1804800, time: 0.005, data: 0.011) D_A: 0.006 G_A: 0.860 cycle_A: 1.702 idt_A: 0.000 D_B: 0.002 G_B: 1.002 cycle_B: 1.608 idt_B: 0.000 
(epoch: 1, iters: 1817600, time: 0.005, data: 0.011) D_A: 0.002 G_A: 0.962 cycle_A: 1.734 idt_A: 0.000 D_B: 0.002 G_B: 1.089 cycle_B: 1.596 idt_B: 0.000 
(epoch: 1, iters: 1830400, time: 0.005, data: 0.011) D_A: 0.002 G_A: 0.936 cycle_A: 1.568 idt_A: 0.000 D_B: 0.001 G_B: 0.913 cycle_B: 1.752 idt_B: 0.000 
(epoch: 1, iters: 1843200, time: 0.005, data: 0.011) D_A: 0.014 G_A: 0.797 cycle_A: 1.525 idt_A: 0.000 D_B: 0.003 G_B: 1.152 cycle_B: 1.825 idt_B: 0.000 
(epoch: 1, iters: 1856000, time: 0.005, data: 0.012) D_A: 0.005 G_A: 0.875 cycle_A: 1.494 idt_A: 0.000 D_B: 0.000 G_B: 0.978 cycle_B: 1.499 idt_B: 0.000 
(epoch: 1, iters: 1868800, time: 0.005, data: 0.011) D_A: 0.102 G_A: 0.692 cycle_A: 1.864 idt_A: 0.000 D_B: 0.011 G_B: 0.951 cycle_B: 1.823 idt_B: 0.000 
(epoch: 1, iters: 1881600, time: 0.005, data: 0.011) D_A: 0.101 G_A: 0.327 cycle_A: 1.430 idt_A: 0.000 D_B: 0.029 G_B: 0.750 cycle_B: 1.659 idt_B: 0.000 
(epoch: 1, iters: 1894400, time: 0.005, data: 0.011) D_A: 0.004 G_A: 1.169 cycle_A: 1.641 idt_A: 0.000 D_B: 0.174 G_B: 1.562 cycle_B: 1.736 idt_B: 0.000 
(epoch: 1, iters: 1907200, time: 0.005, data: 0.012) D_A: 0.010 G_A: 1.249 cycle_A: 2.779 idt_A: 0.000 D_B: 0.012 G_B: 1.300 cycle_B: 1.610 idt_B: 0.000 
(epoch: 1, iters: 1920000, time: 0.005, data: 0.011) D_A: 0.016 G_A: 0.935 cycle_A: 1.542 idt_A: 0.000 D_B: 0.001 G_B: 0.962 cycle_B: 1.578 idt_B: 0.000 
saving the latest model (epoch 1, total_iters 1920000)
(epoch: 1, iters: 1932800, time: 0.005, data: 0.013) D_A: 0.000 G_A: 0.985 cycle_A: 1.518 idt_A: 0.000 D_B: 0.012 G_B: 1.327 cycle_B: 1.680 idt_B: 0.000 
(epoch: 1, iters: 1945600, time: 0.005, data: 0.011) D_A: 0.001 G_A: 1.070 cycle_A: 1.727 idt_A: 0.000 D_B: 0.001 G_B: 0.996 cycle_B: 1.536 idt_B: 0.000 
(epoch: 1, iters: 1958400, time: 0.005, data: 0.011) D_A: 0.000 G_A: 1.009 cycle_A: 1.880 idt_A: 0.000 D_B: 0.001 G_B: 0.985 cycle_B: 1.708 idt_B: 0.000 
(epoch: 1, iters: 1971200, time: 0.005, data: 0.012) D_A: 0.000 G_A: 1.001 cycle_A: 1.717 idt_A: 0.000 D_B: 0.004 G_B: 0.877 cycle_B: 1.436 idt_B: 0.000 
(epoch: 1, iters: 1984000, time: 0.005, data: 0.011) D_A: 0.000 G_A: 1.002 cycle_A: 1.526 idt_A: 0.000 D_B: 0.001 G_B: 1.038 cycle_B: 1.583 idt_B: 0.000 
(epoch: 1, iters: 1996800, time: 0.005, data: 0.011) D_A: 0.000 G_A: 0.999 cycle_A: 1.618 idt_A: 0.000 D_B: 0.000 G_B: 1.032 cycle_B: 1.501 idt_B: 0.000 
(epoch: 1, iters: 2009600, time: 0.005, data: 0.011) D_A: 0.000 G_A: 1.008 cycle_A: 1.675 idt_A: 0.000 D_B: 0.037 G_B: 1.164 cycle_B: 1.725 idt_B: 0.000 
(epoch: 1, iters: 2022400, time: 0.005, data: 0.012) D_A: 0.000 G_A: 1.008 cycle_A: 1.735 idt_A: 0.000 D_B: 0.011 G_B: 0.708 cycle_B: 1.732 idt_B: 0.000 
(epoch: 1, iters: 2035200, time: 0.005, data: 0.012) D_A: 0.000 G_A: 0.995 cycle_A: 1.638 idt_A: 0.000 D_B: 0.117 G_B: 1.317 cycle_B: 2.059 idt_B: 0.000 
(epoch: 1, iters: 2048000, time: 0.005, data: 0.011) D_A: 0.000 G_A: 1.002 cycle_A: 1.797 idt_A: 0.000 D_B: 0.002 G_B: 0.880 cycle_B: 1.648 idt_B: 0.000 
(epoch: 1, iters: 2060800, time: 0.005, data: 0.011) D_A: 0.000 G_A: 1.001 cycle_A: 1.691 idt_A: 0.000 D_B: 0.101 G_B: 0.513 cycle_B: 1.683 idt_B: 0.000 
(epoch: 1, iters: 2073600, time: 0.005, data: 0.012) D_A: 0.000 G_A: 0.999 cycle_A: 1.474 idt_A: 0.000 D_B: 0.013 G_B: 0.760 cycle_B: 1.441 idt_B: 0.000 
(epoch: 1, iters: 2086400, time: 0.005, data: 0.012) D_A: 0.000 G_A: 1.011 cycle_A: 1.682 idt_A: 0.000 D_B: 0.008 G_B: 0.749 cycle_B: 1.474 idt_B: 0.000 
(epoch: 1, iters: 2099200, time: 0.005, data: 0.012) D_A: 0.000 G_A: 0.994 cycle_A: 1.530 idt_A: 0.000 D_B: 0.494 G_B: 0.004 cycle_B: 1.670 idt_B: 0.000 
(epoch: 1, iters: 2112000, time: 0.005, data: 0.011) D_A: 0.000 G_A: 0.997 cycle_A: 1.696 idt_A: 0.000 D_B: 0.001 G_B: 1.075 cycle_B: 1.359 idt_B: 0.000 
(epoch: 1, iters: 2124800, time: 0.005, data: 0.011) D_A: 0.000 G_A: 1.001 cycle_A: 1.434 idt_A: 0.000 D_B: 0.012 G_B: 1.224 cycle_B: 1.293 idt_B: 0.000 
(epoch: 1, iters: 2137600, time: 0.005, data: 0.011) D_A: 0.000 G_A: 0.997 cycle_A: 1.766 idt_A: 0.000 D_B: 0.003 G_B: 0.863 cycle_B: 1.366 idt_B: 0.000 
(epoch: 1, iters: 2150400, time: 0.005, data: 0.011) D_A: 0.000 G_A: 0.991 cycle_A: 1.380 idt_A: 0.000 D_B: 0.002 G_B: 0.902 cycle_B: 1.481 idt_B: 0.000 
(epoch: 1, iters: 2163200, time: 0.005, data: 0.011) D_A: 0.000 G_A: 0.993 cycle_A: 1.343 idt_A: 0.000 D_B: 0.004 G_B: 1.185 cycle_B: 1.600 idt_B: 0.000 
(epoch: 1, iters: 2176000, time: 0.005, data: 0.011) D_A: 0.000 G_A: 0.987 cycle_A: 1.327 idt_A: 0.000 D_B: 0.000 G_B: 0.996 cycle_B: 1.286 idt_B: 0.000 
(epoch: 1, iters: 2188800, time: 0.005, data: 0.011) D_A: 0.000 G_A: 0.995 cycle_A: 1.578 idt_A: 0.000 D_B: 0.000 G_B: 0.989 cycle_B: 1.387 idt_B: 0.000 
(epoch: 1, iters: 2201600, time: 0.005, data: 0.011) D_A: 0.000 G_A: 0.990 cycle_A: 1.360 idt_A: 0.000 D_B: 0.002 G_B: 0.867 cycle_B: 1.339 idt_B: 0.000 
(epoch: 1, iters: 2214400, time: 0.005, data: 0.011) D_A: 0.000 G_A: 1.009 cycle_A: 1.490 idt_A: 0.000 D_B: 0.002 G_B: 1.089 cycle_B: 1.369 idt_B: 0.000 
End of epoch 1 / 200 	 Time Taken: 9728 sec
learning rate 0.0002000 -> 0.0002000
/ocean/projects/asc170022p/rohit33/anaconda3/envs/venv/lib/python3.6/site-packages/torch/nn/functional.py:3063: UserWarning: Default upsampling behavior when mode=trilinear is changed to align_corners=False since 0.4.0. Please specify align_corners=True if the old behavior is desired. See the documentation of nn.Upsample for details.
  "See the documentation of nn.Upsample for details.".format(mode))
(epoch: 2, iters: 1536, time: 0.005, data: 0.011) D_A: 0.000 G_A: 0.991 cycle_A: 1.295 idt_A: 0.000 D_B: 0.001 G_B: 0.944 cycle_B: 1.715 idt_B: 0.000 
(epoch: 2, iters: 14336, time: 0.005, data: 0.013) D_A: 0.000 G_A: 0.988 cycle_A: 1.318 idt_A: 0.000 D_B: 0.001 G_B: 0.961 cycle_B: 1.319 idt_B: 0.000 
saving the latest model (epoch 2, total_iters 2240000)
(epoch: 2, iters: 27136, time: 0.005, data: 0.011) D_A: 0.000 G_A: 0.997 cycle_A: 1.440 idt_A: 0.000 D_B: 0.003 G_B: 1.107 cycle_B: 1.438 idt_B: 0.000 
(epoch: 2, iters: 39936, time: 0.005, data: 0.011) D_A: 0.000 G_A: 0.999 cycle_A: 1.465 idt_A: 0.000 D_B: 0.432 G_B: 0.008 cycle_B: 1.541 idt_B: 0.000 
(epoch: 2, iters: 52736, time: 0.005, data: 0.012) D_A: 0.000 G_A: 0.994 cycle_A: 1.214 idt_A: 0.000 D_B: 0.000 G_B: 0.988 cycle_B: 1.396 idt_B: 0.000 
(epoch: 2, iters: 65536, time: 0.005, data: 0.011) D_A: 0.000 G_A: 1.007 cycle_A: 1.292 idt_A: 0.000 D_B: 0.003 G_B: 1.093 cycle_B: 1.830 idt_B: 0.000 
(epoch: 2, iters: 78336, time: 0.005, data: 0.011) D_A: 0.000 G_A: 1.009 cycle_A: 1.407 idt_A: 0.000 D_B: 0.010 G_B: 1.272 cycle_B: 1.589 idt_B: 0.000 
(epoch: 2, iters: 91136, time: 0.005, data: 0.011) D_A: 0.000 G_A: 1.000 cycle_A: 1.524 idt_A: 0.000 D_B: 0.000 G_B: 0.992 cycle_B: 1.466 idt_B: 0.000 
(epoch: 2, iters: 103936, time: 0.005, data: 0.011) D_A: 0.000 G_A: 0.995 cycle_A: 1.507 idt_A: 0.000 D_B: 0.000 G_B: 0.992 cycle_B: 1.564 idt_B: 0.000 
(epoch: 2, iters: 116736, time: 0.005, data: 0.012) D_A: 0.000 G_A: 1.002 cycle_A: 1.405 idt_A: 0.000 D_B: 0.001 G_B: 1.026 cycle_B: 1.328 idt_B: 0.000 
(epoch: 2, iters: 129536, time: 0.005, data: 0.011) D_A: 0.000 G_A: 1.009 cycle_A: 1.677 idt_A: 0.000 D_B: 0.000 G_B: 1.018 cycle_B: 1.370 idt_B: 0.000 
(epoch: 2, iters: 142336, time: 0.005, data: 0.012) D_A: 0.000 G_A: 0.995 cycle_A: 1.479 idt_A: 0.000 D_B: 0.000 G_B: 1.002 cycle_B: 1.859 idt_B: 0.000 
(epoch: 2, iters: 155136, time: 0.005, data: 0.012) D_A: 0.000 G_A: 0.987 cycle_A: 1.412 idt_A: 0.000 D_B: 0.000 G_B: 0.993 cycle_B: 1.244 idt_B: 0.000 
(epoch: 2, iters: 167936, time: 0.005, data: 0.012) D_A: 0.000 G_A: 0.991 cycle_A: 1.356 idt_A: 0.000 D_B: 0.000 G_B: 0.994 cycle_B: 1.285 idt_B: 0.000 
(epoch: 2, iters: 180736, time: 0.005, data: 0.012) D_A: 0.000 G_A: 0.997 cycle_A: 1.317 idt_A: 0.000 D_B: 0.000 G_B: 0.998 cycle_B: 1.244 idt_B: 0.000 
(epoch: 2, iters: 193536, time: 0.005, data: 0.012) D_A: 0.000 G_A: 0.970 cycle_A: 1.872 idt_A: 0.000 D_B: 0.000 G_B: 0.996 cycle_B: 1.648 idt_B: 0.000 
(epoch: 2, iters: 206336, time: 0.005, data: 0.011) D_A: 0.000 G_A: 1.040 cycle_A: 1.419 idt_A: 0.000 D_B: 0.000 G_B: 0.984 cycle_B: 1.369 idt_B: 0.000 
(epoch: 2, iters: 219136, time: 0.005, data: 0.011) D_A: 0.002 G_A: 1.095 cycle_A: 1.442 idt_A: 0.000 D_B: 0.001 G_B: 0.957 cycle_B: 1.694 idt_B: 0.000 
(epoch: 2, iters: 231936, time: 0.005, data: 0.012) D_A: 0.001 G_A: 1.055 cycle_A: 2.068 idt_A: 0.000 D_B: 0.002 G_B: 1.085 cycle_B: 1.698 idt_B: 0.000 
(epoch: 2, iters: 244736, time: 0.005, data: 0.011) D_A: 0.000 G_A: 1.001 cycle_A: 1.311 idt_A: 0.000 D_B: 0.000 G_B: 0.990 cycle_B: 1.295 idt_B: 0.000 
(epoch: 2, iters: 257536, time: 0.005, data: 0.011) D_A: 0.000 G_A: 0.994 cycle_A: 1.101 idt_A: 0.000 D_B: 0.000 G_B: 0.995 cycle_B: 1.196 idt_B: 0.000 
(epoch: 2, iters: 270336, time: 0.005, data: 0.011) D_A: 0.000 G_A: 0.999 cycle_A: 1.224 idt_A: 0.000 D_B: 0.000 G_B: 0.995 cycle_B: 1.295 idt_B: 0.000 
(epoch: 2, iters: 283136, time: 0.005, data: 0.011) D_A: 0.000 G_A: 1.018 cycle_A: 1.424 idt_A: 0.000 D_B: 0.000 G_B: 0.996 cycle_B: 1.358 idt_B: 0.000 
(epoch: 2, iters: 295936, time: 0.005, data: 0.011) D_A: 0.001 G_A: 0.943 cycle_A: 1.219 idt_A: 0.000 D_B: 0.000 G_B: 0.959 cycle_B: 1.452 idt_B: 0.000 
(epoch: 2, iters: 308736, time: 0.005, data: 0.011) D_A: 0.000 G_A: 0.999 cycle_A: 1.490 idt_A: 0.000 D_B: 0.239 G_B: 0.266 cycle_B: 1.342 idt_B: 0.000 
(epoch: 2, iters: 321536, time: 0.005, data: 0.011) D_A: 0.000 G_A: 0.979 cycle_A: 2.740 idt_A: 0.000 D_B: 0.144 G_B: 0.464 cycle_B: 1.115 idt_B: 0.000 
(epoch: 2, iters: 334336, time: 0.005, data: 0.011) D_A: 0.000 G_A: 1.015 cycle_A: 1.695 idt_A: 0.000 D_B: 0.025 G_B: 0.662 cycle_B: 1.482 idt_B: 0.000 
saving the latest model (epoch 2, total_iters 2560000)
(epoch: 2, iters: 347136, time: 0.005, data: 0.013) D_A: 0.000 G_A: 0.990 cycle_A: 1.527 idt_A: 0.000 D_B: 0.013 G_B: 0.747 cycle_B: 1.641 idt_B: 0.000 
(epoch: 2, iters: 359936, time: 0.005, data: 0.011) D_A: 0.000 G_A: 0.989 cycle_A: 1.459 idt_A: 0.000 D_B: 0.025 G_B: 1.470 cycle_B: 1.348 idt_B: 0.000 
(epoch: 2, iters: 372736, time: 0.005, data: 0.011) D_A: 0.211 G_A: 0.331 cycle_A: 1.585 idt_A: 0.000 D_B: 0.001 G_B: 0.980 cycle_B: 1.332 idt_B: 0.000 
(epoch: 2, iters: 385536, time: 0.005, data: 0.011) D_A: 0.431 G_A: 0.027 cycle_A: 1.523 idt_A: 0.000 D_B: 0.007 G_B: 1.221 cycle_B: 1.408 idt_B: 0.000 
(epoch: 2, iters: 398336, time: 0.005, data: 0.011) D_A: 0.119 G_A: 0.732 cycle_A: 1.462 idt_A: 0.000 D_B: 0.563 G_B: 0.004 cycle_B: 1.808 idt_B: 0.000 
(epoch: 2, iters: 411136, time: 0.005, data: 0.011) D_A: 0.010 G_A: 1.112 cycle_A: 1.370 idt_A: 0.000 D_B: 0.053 G_B: 1.417 cycle_B: 1.625 idt_B: 0.000 
(epoch: 2, iters: 423936, time: 0.005, data: 0.011) D_A: 0.084 G_A: 0.372 cycle_A: 2.008 idt_A: 0.000 D_B: 0.006 G_B: 1.189 cycle_B: 1.805 idt_B: 0.000 
(epoch: 2, iters: 436736, time: 0.005, data: 0.011) D_A: 0.003 G_A: 0.805 cycle_A: 1.604 idt_A: 0.000 D_B: 0.006 G_B: 0.800 cycle_B: 1.756 idt_B: 0.000 
(epoch: 2, iters: 449536, time: 0.005, data: 0.012) D_A: 0.025 G_A: 0.866 cycle_A: 1.368 idt_A: 0.000 D_B: 0.012 G_B: 1.004 cycle_B: 1.563 idt_B: 0.000 
(epoch: 2, iters: 462336, time: 0.005, data: 0.011) D_A: 0.001 G_A: 0.961 cycle_A: 1.654 idt_A: 0.000 D_B: 0.157 G_B: 1.369 cycle_B: 2.665 idt_B: 0.000 
(epoch: 2, iters: 475136, time: 0.004, data: 0.012) D_A: 0.004 G_A: 0.824 cycle_A: 1.588 idt_A: 0.000 D_B: 0.001 G_B: 0.994 cycle_B: 1.645 idt_B: 0.000 
(epoch: 2, iters: 487936, time: 0.005, data: 0.011) D_A: 0.000 G_A: 1.031 cycle_A: 1.422 idt_A: 0.000 D_B: 0.000 G_B: 0.981 cycle_B: 1.375 idt_B: 0.000 
(epoch: 2, iters: 500736, time: 0.005, data: 0.011) D_A: 0.004 G_A: 0.980 cycle_A: 1.386 idt_A: 0.000 D_B: 0.001 G_B: 0.966 cycle_B: 1.810 idt_B: 0.000 
(epoch: 2, iters: 513536, time: 0.005, data: 0.011) D_A: 0.011 G_A: 0.731 cycle_A: 1.778 idt_A: 0.000 D_B: 0.006 G_B: 0.840 cycle_B: 1.771 idt_B: 0.000 
(epoch: 2, iters: 526336, time: 0.005, data: 0.011) D_A: 0.002 G_A: 0.899 cycle_A: 1.771 idt_A: 0.000 D_B: 0.002 G_B: 0.969 cycle_B: 1.510 idt_B: 0.000 
(epoch: 2, iters: 539136, time: 0.005, data: 0.011) D_A: 0.001 G_A: 1.090 cycle_A: 1.587 idt_A: 0.000 D_B: 0.004 G_B: 0.968 cycle_B: 1.654 idt_B: 0.000 
(epoch: 2, iters: 551936, time: 0.005, data: 0.011) D_A: 0.004 G_A: 0.880 cycle_A: 1.416 idt_A: 0.000 D_B: 0.009 G_B: 0.846 cycle_B: 1.503 idt_B: 0.000 
(epoch: 2, iters: 564736, time: 0.005, data: 0.011) D_A: 0.248 G_A: 0.199 cycle_A: 1.615 idt_A: 0.000 D_B: 0.000 G_B: 0.986 cycle_B: 1.516 idt_B: 0.000 
(epoch: 2, iters: 577536, time: 0.005, data: 0.011) D_A: 0.182 G_A: 0.313 cycle_A: 1.299 idt_A: 0.000 D_B: 0.001 G_B: 0.986 cycle_B: 1.488 idt_B: 0.000 
(epoch: 2, iters: 590336, time: 0.005, data: 0.011) D_A: 0.004 G_A: 0.915 cycle_A: 1.435 idt_A: 0.000 D_B: 0.003 G_B: 0.880 cycle_B: 1.420 idt_B: 0.000 
(epoch: 2, iters: 603136, time: 0.005, data: 0.011) D_A: 0.008 G_A: 0.834 cycle_A: 1.604 idt_A: 0.000 D_B: 0.212 G_B: 0.290 cycle_B: 1.713 idt_B: 0.000 
(epoch: 2, iters: 615936, time: 0.005, data: 0.011) D_A: 0.005 G_A: 0.897 cycle_A: 2.542 idt_A: 0.000 D_B: 0.027 G_B: 0.941 cycle_B: 1.885 idt_B: 0.000 
(epoch: 2, iters: 628736, time: 0.005, data: 0.011) D_A: 0.070 G_A: 0.426 cycle_A: 1.372 idt_A: 0.000 D_B: 0.001 G_B: 0.959 cycle_B: 1.503 idt_B: 0.000 
(epoch: 2, iters: 641536, time: 0.005, data: 0.011) D_A: 0.017 G_A: 0.694 cycle_A: 1.470 idt_A: 0.000 D_B: 0.002 G_B: 0.904 cycle_B: 1.527 idt_B: 0.000 
(epoch: 2, iters: 654336, time: 0.005, data: 0.011) D_A: 0.204 G_A: 0.228 cycle_A: 2.012 idt_A: 0.000 D_B: 0.001 G_B: 0.947 cycle_B: 1.317 idt_B: 0.000 
saving the latest model (epoch 2, total_iters 2880000)
(epoch: 2, iters: 667136, time: 0.005, data: 0.011) D_A: 0.005 G_A: 0.886 cycle_A: 1.377 idt_A: 0.000 D_B: 0.008 G_B: 1.288 cycle_B: 1.840 idt_B: 0.000 
(epoch: 2, iters: 679936, time: 0.005, data: 0.011) D_A: 0.004 G_A: 0.925 cycle_A: 1.839 idt_A: 0.000 D_B: 0.001 G_B: 0.991 cycle_B: 1.439 idt_B: 0.000 
(epoch: 2, iters: 692736, time: 0.005, data: 0.011) D_A: 0.157 G_A: 1.208 cycle_A: 1.449 idt_A: 0.000 D_B: 0.001 G_B: 0.933 cycle_B: 1.546 idt_B: 0.000 
(epoch: 2, iters: 705536, time: 0.005, data: 0.011) D_A: 0.006 G_A: 0.838 cycle_A: 1.361 idt_A: 0.000 D_B: 0.202 G_B: 0.286 cycle_B: 1.526 idt_B: 0.000 
(epoch: 2, iters: 718336, time: 0.005, data: 0.011) D_A: 0.064 G_A: 0.641 cycle_A: 1.701 idt_A: 0.000 D_B: 0.006 G_B: 1.161 cycle_B: 1.324 idt_B: 0.000 
(epoch: 2, iters: 731136, time: 0.005, data: 0.011) D_A: 0.016 G_A: 1.016 cycle_A: 1.521 idt_A: 0.000 D_B: 0.006 G_B: 1.194 cycle_B: 1.547 idt_B: 0.000 
(epoch: 2, iters: 743936, time: 0.005, data: 0.012) D_A: 0.001 G_A: 1.004 cycle_A: 1.433 idt_A: 0.000 D_B: 0.001 G_B: 0.940 cycle_B: 1.780 idt_B: 0.000 
(epoch: 2, iters: 756736, time: 0.005, data: 0.011) D_A: 0.050 G_A: 0.481 cycle_A: 1.619 idt_A: 0.000 D_B: 0.001 G_B: 0.959 cycle_B: 1.386 idt_B: 0.000 
(epoch: 2, iters: 769536, time: 0.005, data: 0.011) D_A: 0.215 G_A: 0.111 cycle_A: 1.720 idt_A: 0.000 D_B: 0.001 G_B: 0.964 cycle_B: 1.714 idt_B: 0.000 
(epoch: 2, iters: 782336, time: 0.005, data: 0.011) D_A: 0.010 G_A: 1.267 cycle_A: 1.392 idt_A: 0.000 D_B: 0.004 G_B: 1.182 cycle_B: 1.689 idt_B: 0.000 
(epoch: 2, iters: 795136, time: 0.005, data: 0.011) D_A: 0.003 G_A: 1.053 cycle_A: 1.496 idt_A: 0.000 D_B: 0.001 G_B: 0.990 cycle_B: 1.643 idt_B: 0.000 
(epoch: 2, iters: 807936, time: 0.005, data: 0.011) D_A: 0.230 G_A: 0.258 cycle_A: 1.295 idt_A: 0.000 D_B: 0.005 G_B: 0.932 cycle_B: 1.370 idt_B: 0.000 
(epoch: 2, iters: 820736, time: 0.005, data: 0.011) D_A: 0.019 G_A: 0.758 cycle_A: 1.998 idt_A: 0.000 D_B: 0.014 G_B: 1.269 cycle_B: 1.400 idt_B: 0.000 
(epoch: 2, iters: 833536, time: 0.005, data: 0.011) D_A: 0.004 G_A: 0.819 cycle_A: 1.335 idt_A: 0.000 D_B: 0.001 G_B: 1.039 cycle_B: 1.426 idt_B: 0.000 
(epoch: 2, iters: 846336, time: 0.005, data: 0.011) D_A: 0.002 G_A: 0.929 cycle_A: 1.457 idt_A: 0.000 D_B: 0.002 G_B: 0.949 cycle_B: 1.489 idt_B: 0.000 
(epoch: 2, iters: 859136, time: 0.005, data: 0.011) D_A: 0.000 G_A: 1.008 cycle_A: 1.318 idt_A: 0.000 D_B: 0.002 G_B: 0.906 cycle_B: 1.483 idt_B: 0.000 
(epoch: 2, iters: 871936, time: 0.005, data: 0.011) D_A: 0.005 G_A: 0.809 cycle_A: 1.457 idt_A: 0.000 D_B: 0.077 G_B: 0.513 cycle_B: 1.369 idt_B: 0.000 
(epoch: 2, iters: 884736, time: 0.005, data: 0.011) D_A: 0.101 G_A: 1.113 cycle_A: 1.466 idt_A: 0.000 D_B: 0.034 G_B: 0.678 cycle_B: 1.444 idt_B: 0.000 
(epoch: 2, iters: 897536, time: 0.005, data: 0.011) D_A: 0.001 G_A: 1.026 cycle_A: 1.680 idt_A: 0.000 D_B: 0.001 G_B: 0.998 cycle_B: 1.419 idt_B: 0.000 
(epoch: 2, iters: 910336, time: 0.005, data: 0.011) D_A: 0.000 G_A: 0.997 cycle_A: 2.185 idt_A: 0.000 D_B: 0.001 G_B: 0.952 cycle_B: 3.199 idt_B: 0.000 
(epoch: 2, iters: 923136, time: 0.005, data: 0.011) D_A: 0.000 G_A: 1.003 cycle_A: 1.882 idt_A: 0.000 D_B: 0.003 G_B: 1.022 cycle_B: 1.551 idt_B: 0.000 
(epoch: 2, iters: 935936, time: 0.005, data: 0.011) D_A: 0.000 G_A: 0.978 cycle_A: 1.528 idt_A: 0.000 D_B: 0.107 G_B: 1.320 cycle_B: 2.213 idt_B: 0.000 
(epoch: 2, iters: 948736, time: 0.005, data: 0.011) D_A: 0.008 G_A: 1.227 cycle_A: 1.705 idt_A: 0.000 D_B: 0.000 G_B: 1.020 cycle_B: 1.581 idt_B: 0.000 
(epoch: 2, iters: 961536, time: 0.005, data: 0.011) D_A: 0.001 G_A: 0.927 cycle_A: 2.114 idt_A: 0.000 D_B: 0.000 G_B: 0.993 cycle_B: 1.447 idt_B: 0.000 
(epoch: 2, iters: 974336, time: 0.005, data: 0.011) D_A: 0.000 G_A: 0.965 cycle_A: 1.340 idt_A: 0.000 D_B: 0.000 G_B: 1.001 cycle_B: 1.425 idt_B: 0.000 
saving the latest model (epoch 2, total_iters 3200000)
(epoch: 2, iters: 987136, time: 0.005, data: 0.013) D_A: 0.000 G_A: 0.963 cycle_A: 1.309 idt_A: 0.000 D_B: 0.000 G_B: 0.993 cycle_B: 1.324 idt_B: 0.000 
(epoch: 2, iters: 999936, time: 0.005, data: 0.011) D_A: 0.006 G_A: 1.255 cycle_A: 1.348 idt_A: 0.000 D_B: 0.000 G_B: 0.978 cycle_B: 1.349 idt_B: 0.000 
(epoch: 2, iters: 1012736, time: 0.005, data: 0.011) D_A: 0.001 G_A: 1.085 cycle_A: 1.389 idt_A: 0.000 D_B: 0.000 G_B: 0.993 cycle_B: 1.433 idt_B: 0.000 
(epoch: 2, iters: 1025536, time: 0.005, data: 0.011) D_A: 0.077 G_A: 0.558 cycle_A: 1.449 idt_A: 0.000 D_B: 0.001 G_B: 0.927 cycle_B: 1.577 idt_B: 0.000 
(epoch: 2, iters: 1038336, time: 0.005, data: 0.011) D_A: 0.006 G_A: 1.086 cycle_A: 2.445 idt_A: 0.000 D_B: 0.002 G_B: 0.951 cycle_B: 1.562 idt_B: 0.000 
(epoch: 2, iters: 1051136, time: 0.005, data: 0.011) D_A: 0.021 G_A: 1.236 cycle_A: 1.760 idt_A: 0.000 D_B: 0.001 G_B: 0.947 cycle_B: 1.694 idt_B: 0.000 
(epoch: 2, iters: 1063936, time: 0.005, data: 0.011) D_A: 0.000 G_A: 0.995 cycle_A: 1.383 idt_A: 0.000 D_B: 0.000 G_B: 0.993 cycle_B: 1.537 idt_B: 0.000 
(epoch: 2, iters: 1076736, time: 0.005, data: 0.011) D_A: 0.000 G_A: 0.988 cycle_A: 1.339 idt_A: 0.000 D_B: 0.000 G_B: 0.974 cycle_B: 1.419 idt_B: 0.000 
(epoch: 2, iters: 1089536, time: 0.005, data: 0.011) D_A: 0.000 G_A: 0.997 cycle_A: 1.344 idt_A: 0.000 D_B: 0.001 G_B: 1.024 cycle_B: 1.272 idt_B: 0.000 
(epoch: 2, iters: 1102336, time: 0.005, data: 0.011) D_A: 0.000 G_A: 0.987 cycle_A: 1.234 idt_A: 0.000 D_B: 0.002 G_B: 1.080 cycle_B: 1.522 idt_B: 0.000 
(epoch: 2, iters: 1115136, time: 0.005, data: 0.011) D_A: 0.000 G_A: 0.992 cycle_A: 1.183 idt_A: 0.000 D_B: 0.000 G_B: 0.994 cycle_B: 1.163 idt_B: 0.000 
(epoch: 2, iters: 1127936, time: 0.005, data: 0.011) D_A: 0.000 G_A: 0.986 cycle_A: 1.488 idt_A: 0.000 D_B: 0.000 G_B: 0.997 cycle_B: 1.239 idt_B: 0.000 
(epoch: 2, iters: 1140736, time: 0.005, data: 0.011) D_A: 0.000 G_A: 0.977 cycle_A: 1.319 idt_A: 0.000 D_B: 0.000 G_B: 0.996 cycle_B: 1.251 idt_B: 0.000 
(epoch: 2, iters: 1153536, time: 0.005, data: 0.011) D_A: 0.001 G_A: 0.922 cycle_A: 1.436 idt_A: 0.000 D_B: 0.000 G_B: 1.007 cycle_B: 1.789 idt_B: 0.000 
(epoch: 2, iters: 1166336, time: 0.005, data: 0.012) D_A: 0.000 G_A: 0.992 cycle_A: 1.169 idt_A: 0.000 D_B: 0.000 G_B: 0.992 cycle_B: 1.256 idt_B: 0.000 
(epoch: 2, iters: 1179136, time: 0.005, data: 0.011) D_A: 0.000 G_A: 0.984 cycle_A: 1.600 idt_A: 0.000 D_B: 0.000 G_B: 0.985 cycle_B: 1.318 idt_B: 0.000 
(epoch: 2, iters: 1191936, time: 0.005, data: 0.011) D_A: 0.000 G_A: 1.002 cycle_A: 1.267 idt_A: 0.000 D_B: 0.251 G_B: 0.276 cycle_B: 1.461 idt_B: 0.000 
(epoch: 2, iters: 1204736, time: 0.005, data: 0.011) D_A: 0.000 G_A: 0.991 cycle_A: 1.271 idt_A: 0.000 D_B: 0.248 G_B: 0.254 cycle_B: 1.252 idt_B: 0.000 
(epoch: 2, iters: 1217536, time: 0.005, data: 0.011) D_A: 0.000 G_A: 0.991 cycle_A: 1.137 idt_A: 0.000 D_B: 0.234 G_B: 0.270 cycle_B: 1.307 idt_B: 0.000 
(epoch: 2, iters: 1230336, time: 0.005, data: 0.011) D_A: 0.000 G_A: 0.960 cycle_A: 1.221 idt_A: 0.000 D_B: 0.211 G_B: 0.123 cycle_B: 1.195 idt_B: 0.000 
(epoch: 2, iters: 1243136, time: 0.005, data: 0.011) D_A: 0.252 G_A: 0.332 cycle_A: 1.372 idt_A: 0.000 D_B: 0.015 G_B: 0.865 cycle_B: 1.571 idt_B: 0.000 
(epoch: 2, iters: 1255936, time: 0.005, data: 0.011) D_A: 0.152 G_A: 0.331 cycle_A: 1.208 idt_A: 0.000 D_B: 0.003 G_B: 0.913 cycle_B: 1.824 idt_B: 0.000 
(epoch: 2, iters: 1268736, time: 0.005, data: 0.011) D_A: 0.078 G_A: 0.430 cycle_A: 1.428 idt_A: 0.000 D_B: 0.006 G_B: 0.858 cycle_B: 1.331 idt_B: 0.000 
(epoch: 2, iters: 1281536, time: 0.005, data: 0.011) D_A: 0.003 G_A: 0.960 cycle_A: 1.374 idt_A: 0.000 D_B: 0.001 G_B: 0.987 cycle_B: 1.366 idt_B: 0.000 
(epoch: 2, iters: 1294336, time: 0.005, data: 0.011) D_A: 0.003 G_A: 0.875 cycle_A: 1.525 idt_A: 0.000 D_B: 0.002 G_B: 0.986 cycle_B: 1.557 idt_B: 0.000 
saving the latest model (epoch 2, total_iters 3520000)
(epoch: 2, iters: 1307136, time: 0.005, data: 0.011) D_A: 0.095 G_A: 1.243 cycle_A: 1.400 idt_A: 0.000 D_B: 0.004 G_B: 1.068 cycle_B: 1.653 idt_B: 0.000 
(epoch: 2, iters: 1319936, time: 0.005, data: 0.011) D_A: 0.002 G_A: 0.962 cycle_A: 2.322 idt_A: 0.000 D_B: 0.005 G_B: 0.812 cycle_B: 1.377 idt_B: 0.000 
(epoch: 2, iters: 1332736, time: 0.005, data: 0.011) D_A: 0.006 G_A: 1.154 cycle_A: 1.415 idt_A: 0.000 D_B: 0.003 G_B: 0.944 cycle_B: 1.449 idt_B: 0.000 
(epoch: 2, iters: 1345536, time: 0.005, data: 0.011) D_A: 0.000 G_A: 1.011 cycle_A: 1.403 idt_A: 0.000 D_B: 0.004 G_B: 1.099 cycle_B: 1.617 idt_B: 0.000 
(epoch: 2, iters: 1358336, time: 0.005, data: 0.011) D_A: 0.001 G_A: 1.030 cycle_A: 2.162 idt_A: 0.000 D_B: 0.001 G_B: 1.000 cycle_B: 1.348 idt_B: 0.000 
(epoch: 2, iters: 1371136, time: 0.005, data: 0.011) D_A: 0.000 G_A: 0.944 cycle_A: 1.512 idt_A: 0.000 D_B: 0.004 G_B: 0.890 cycle_B: 1.618 idt_B: 0.000 
(epoch: 2, iters: 1383936, time: 0.005, data: 0.011) D_A: 0.447 G_A: 1.260 cycle_A: 1.377 idt_A: 0.000 D_B: 0.001 G_B: 0.947 cycle_B: 1.612 idt_B: 0.000 
(epoch: 2, iters: 1396736, time: 0.005, data: 0.011) D_A: 0.000 G_A: 0.964 cycle_A: 1.334 idt_A: 0.000 D_B: 0.342 G_B: 1.370 cycle_B: 1.488 idt_B: 0.000 
(epoch: 2, iters: 1409536, time: 0.005, data: 0.011) D_A: 0.001 G_A: 1.069 cycle_A: 1.892 idt_A: 0.000 D_B: 0.024 G_B: 0.548 cycle_B: 1.694 idt_B: 0.000 
(epoch: 2, iters: 1422336, time: 0.005, data: 0.011) D_A: 0.005 G_A: 1.192 cycle_A: 1.557 idt_A: 0.000 D_B: 0.001 G_B: 1.017 cycle_B: 1.548 idt_B: 0.000 
(epoch: 2, iters: 1435136, time: 0.005, data: 0.011) D_A: 0.000 G_A: 1.002 cycle_A: 1.415 idt_A: 0.000 D_B: 0.009 G_B: 1.270 cycle_B: 2.807 idt_B: 0.000 
(epoch: 2, iters: 1447936, time: 0.005, data: 0.011) D_A: 0.000 G_A: 0.998 cycle_A: 1.120 idt_A: 0.000 D_B: 0.006 G_B: 1.186 cycle_B: 1.533 idt_B: 0.000 
(epoch: 2, iters: 1460736, time: 0.005, data: 0.011) D_A: 0.000 G_A: 1.005 cycle_A: 1.406 idt_A: 0.000 D_B: 0.022 G_B: 1.005 cycle_B: 1.609 idt_B: 0.000 
(epoch: 2, iters: 1473536, time: 0.005, data: 0.011) D_A: 0.000 G_A: 0.979 cycle_A: 1.434 idt_A: 0.000 D_B: 0.003 G_B: 1.179 cycle_B: 1.385 idt_B: 0.000 
(epoch: 2, iters: 1486336, time: 0.005, data: 0.011) D_A: 0.000 G_A: 0.985 cycle_A: 1.565 idt_A: 0.000 D_B: 0.010 G_B: 0.787 cycle_B: 1.338 idt_B: 0.000 
(epoch: 2, iters: 1499136, time: 0.005, data: 0.011) D_A: 0.000 G_A: 0.977 cycle_A: 1.306 idt_A: 0.000 D_B: 0.004 G_B: 0.945 cycle_B: 1.637 idt_B: 0.000 
(epoch: 2, iters: 1511936, time: 0.005, data: 0.011) D_A: 0.000 G_A: 1.048 cycle_A: 1.339 idt_A: 0.000 D_B: 0.542 G_B: 0.009 cycle_B: 1.487 idt_B: 0.000 
(epoch: 2, iters: 1524736, time: 0.005, data: 0.011) D_A: 0.000 G_A: 1.023 cycle_A: 1.324 idt_A: 0.000 D_B: 0.004 G_B: 0.840 cycle_B: 1.272 idt_B: 0.000 
(epoch: 2, iters: 1537536, time: 0.005, data: 0.011) D_A: 0.000 G_A: 0.986 cycle_A: 1.551 idt_A: 0.000 D_B: 0.006 G_B: 1.146 cycle_B: 1.389 idt_B: 0.000 
(epoch: 2, iters: 1550336, time: 0.005, data: 0.011) D_A: 0.000 G_A: 0.992 cycle_A: 1.256 idt_A: 0.000 D_B: 0.001 G_B: 0.977 cycle_B: 1.420 idt_B: 0.000 
(epoch: 2, iters: 1563136, time: 0.005, data: 0.011) D_A: 0.000 G_A: 0.987 cycle_A: 1.217 idt_A: 0.000 D_B: 0.038 G_B: 1.074 cycle_B: 1.338 idt_B: 0.000 
(epoch: 2, iters: 1575936, time: 0.005, data: 0.011) D_A: 0.000 G_A: 0.949 cycle_A: 1.918 idt_A: 0.000 D_B: 0.006 G_B: 0.958 cycle_B: 1.631 idt_B: 0.000 
(epoch: 2, iters: 1588736, time: 0.005, data: 0.011) D_A: 0.000 G_A: 0.976 cycle_A: 1.299 idt_A: 0.000 D_B: 0.001 G_B: 1.014 cycle_B: 1.180 idt_B: 0.000 
(epoch: 2, iters: 1601536, time: 0.005, data: 0.011) D_A: 0.000 G_A: 0.966 cycle_A: 1.314 idt_A: 0.000 D_B: 0.005 G_B: 0.882 cycle_B: 1.414 idt_B: 0.000 
(epoch: 2, iters: 1614336, time: 0.005, data: 0.011) D_A: 0.199 G_A: 0.302 cycle_A: 1.526 idt_A: 0.000 D_B: 0.001 G_B: 0.941 cycle_B: 1.823 idt_B: 0.000 
saving the latest model (epoch 2, total_iters 3840000)
(epoch: 2, iters: 1627136, time: 0.005, data: 0.011) D_A: 0.004 G_A: 0.907 cycle_A: 1.249 idt_A: 0.000 D_B: 0.005 G_B: 1.149 cycle_B: 1.468 idt_B: 0.000 
(epoch: 2, iters: 1639936, time: 0.005, data: 0.011) D_A: 0.001 G_A: 0.977 cycle_A: 1.559 idt_A: 0.000 D_B: 0.004 G_B: 1.185 cycle_B: 1.504 idt_B: 0.000 
(epoch: 2, iters: 1652736, time: 0.005, data: 0.011) D_A: 0.002 G_A: 0.921 cycle_A: 1.424 idt_A: 0.000 D_B: 0.001 G_B: 1.002 cycle_B: 1.294 idt_B: 0.000 
(epoch: 2, iters: 1665536, time: 0.005, data: 0.011) D_A: 0.001 G_A: 0.923 cycle_A: 1.343 idt_A: 0.000 D_B: 0.174 G_B: 0.362 cycle_B: 1.176 idt_B: 0.000 
(epoch: 2, iters: 1678336, time: 0.005, data: 0.011) D_A: 0.006 G_A: 1.224 cycle_A: 2.080 idt_A: 0.000 D_B: 0.171 G_B: 0.267 cycle_B: 1.999 idt_B: 0.000 
(epoch: 2, iters: 1691136, time: 0.005, data: 0.011) D_A: 0.011 G_A: 1.327 cycle_A: 1.583 idt_A: 0.000 D_B: 0.014 G_B: 0.626 cycle_B: 1.593 idt_B: 0.000 
(epoch: 2, iters: 1703936, time: 0.005, data: 0.011) D_A: 0.001 G_A: 0.995 cycle_A: 1.410 idt_A: 0.000 D_B: 0.003 G_B: 1.061 cycle_B: 1.331 idt_B: 0.000 
(epoch: 2, iters: 1716736, time: 0.005, data: 0.011) D_A: 0.000 G_A: 0.954 cycle_A: 1.427 idt_A: 0.000 D_B: 0.000 G_B: 0.977 cycle_B: 1.225 idt_B: 0.000 
(epoch: 2, iters: 1729536, time: 0.005, data: 0.011) D_A: 0.007 G_A: 1.248 cycle_A: 1.289 idt_A: 0.000 D_B: 0.000 G_B: 0.998 cycle_B: 1.405 idt_B: 0.000 
(epoch: 2, iters: 1742336, time: 0.005, data: 0.011) D_A: 0.133 G_A: 0.104 cycle_A: 1.383 idt_A: 0.000 D_B: 0.002 G_B: 1.107 cycle_B: 1.585 idt_B: 0.000 
(epoch: 2, iters: 1755136, time: 0.005, data: 0.024) D_A: 0.218 G_A: 0.268 cycle_A: 1.357 idt_A: 0.000 D_B: 0.000 G_B: 0.984 cycle_B: 1.995 idt_B: 0.000 
(epoch: 2, iters: 1767936, time: 0.005, data: 0.011) D_A: 0.053 G_A: 0.585 cycle_A: 1.343 idt_A: 0.000 D_B: 0.000 G_B: 0.996 cycle_B: 1.557 idt_B: 0.000 
(epoch: 2, iters: 1780736, time: 0.005, data: 0.011) D_A: 0.006 G_A: 0.845 cycle_A: 1.443 idt_A: 0.000 D_B: 0.000 G_B: 1.000 cycle_B: 2.019 idt_B: 0.000 
(epoch: 2, iters: 1793536, time: 0.005, data: 0.011) D_A: 0.003 G_A: 0.910 cycle_A: 1.244 idt_A: 0.000 D_B: 0.000 G_B: 0.986 cycle_B: 1.647 idt_B: 0.000 
(epoch: 2, iters: 1806336, time: 0.005, data: 0.011) D_A: 0.065 G_A: 1.402 cycle_A: 1.556 idt_A: 0.000 D_B: 0.000 G_B: 0.968 cycle_B: 1.459 idt_B: 0.000 
(epoch: 2, iters: 1819136, time: 0.005, data: 0.012) D_A: 0.003 G_A: 0.850 cycle_A: 1.526 idt_A: 0.000 D_B: 0.004 G_B: 0.858 cycle_B: 1.524 idt_B: 0.000 
(epoch: 2, iters: 1831936, time: 0.005, data: 0.011) D_A: 0.001 G_A: 1.076 cycle_A: 1.213 idt_A: 0.000 D_B: 0.252 G_B: 0.208 cycle_B: 1.418 idt_B: 0.000 
(epoch: 2, iters: 1844736, time: 0.005, data: 0.011) D_A: 0.001 G_A: 0.955 cycle_A: 1.389 idt_A: 0.000 D_B: 0.225 G_B: 0.281 cycle_B: 1.335 idt_B: 0.000 
(epoch: 2, iters: 1857536, time: 0.005, data: 0.011) D_A: 0.001 G_A: 0.932 cycle_A: 1.482 idt_A: 0.000 D_B: 0.345 G_B: 0.043 cycle_B: 1.495 idt_B: 0.000 
(epoch: 2, iters: 1870336, time: 0.005, data: 0.011) D_A: 0.001 G_A: 0.990 cycle_A: 1.792 idt_A: 0.000 D_B: 0.005 G_B: 1.043 cycle_B: 1.288 idt_B: 0.000 
(epoch: 2, iters: 1883136, time: 0.005, data: 0.011) D_A: 0.009 G_A: 0.756 cycle_A: 1.574 idt_A: 0.000 D_B: 0.016 G_B: 0.653 cycle_B: 1.787 idt_B: 0.000 
(epoch: 2, iters: 1895936, time: 0.005, data: 0.011) D_A: 0.001 G_A: 1.040 cycle_A: 1.510 idt_A: 0.000 D_B: 0.002 G_B: 0.966 cycle_B: 1.955 idt_B: 0.000 
(epoch: 2, iters: 1908736, time: 0.005, data: 0.011) D_A: 0.001 G_A: 0.926 cycle_A: 1.526 idt_A: 0.000 D_B: 0.001 G_B: 0.960 cycle_B: 1.681 idt_B: 0.000 
(epoch: 2, iters: 1921536, time: 0.005, data: 0.011) D_A: 0.000 G_A: 1.008 cycle_A: 1.367 idt_A: 0.000 D_B: 0.000 G_B: 0.987 cycle_B: 1.569 idt_B: 0.000 
(epoch: 2, iters: 1934336, time: 0.005, data: 0.011) D_A: 0.000 G_A: 0.997 cycle_A: 1.346 idt_A: 0.000 D_B: 0.005 G_B: 0.794 cycle_B: 1.594 idt_B: 0.000 
saving the latest model (epoch 2, total_iters 4160000)
(epoch: 2, iters: 1947136, time: 0.005, data: 0.011) D_A: 0.000 G_A: 0.958 cycle_A: 1.398 idt_A: 0.000 D_B: 0.004 G_B: 0.806 cycle_B: 1.610 idt_B: 0.000 
(epoch: 2, iters: 1959936, time: 0.005, data: 0.011) D_A: 0.002 G_A: 1.095 cycle_A: 1.466 idt_A: 0.000 D_B: 0.006 G_B: 0.944 cycle_B: 1.621 idt_B: 0.000 
(epoch: 2, iters: 1972736, time: 0.005, data: 0.011) D_A: 0.000 G_A: 1.008 cycle_A: 1.499 idt_A: 0.000 D_B: 0.002 G_B: 1.120 cycle_B: 1.735 idt_B: 0.000 
(epoch: 2, iters: 1985536, time: 0.005, data: 0.011) D_A: 0.000 G_A: 1.003 cycle_A: 1.758 idt_A: 0.000 D_B: 0.213 G_B: 0.123 cycle_B: 1.429 idt_B: 0.000 
(epoch: 2, iters: 1998336, time: 0.005, data: 0.011) D_A: 0.000 G_A: 1.021 cycle_A: 1.491 idt_A: 0.000 D_B: 0.014 G_B: 1.323 cycle_B: 1.599 idt_B: 0.000 
(epoch: 2, iters: 2011136, time: 0.005, data: 0.012) D_A: 0.000 G_A: 1.002 cycle_A: 1.719 idt_A: 0.000 D_B: 0.003 G_B: 0.859 cycle_B: 1.541 idt_B: 0.000 
(epoch: 2, iters: 2023936, time: 0.005, data: 0.011) D_A: 0.000 G_A: 0.967 cycle_A: 1.304 idt_A: 0.000 D_B: 0.001 G_B: 0.998 cycle_B: 1.430 idt_B: 0.000 
(epoch: 2, iters: 2036736, time: 0.005, data: 0.011) D_A: 0.000 G_A: 1.024 cycle_A: 1.314 idt_A: 0.000 D_B: 0.000 G_B: 0.981 cycle_B: 1.439 idt_B: 0.000 
(epoch: 2, iters: 2049536, time: 0.005, data: 0.011) D_A: 0.000 G_A: 0.973 cycle_A: 1.590 idt_A: 0.000 D_B: 0.005 G_B: 0.864 cycle_B: 1.286 idt_B: 0.000 
(epoch: 2, iters: 2062336, time: 0.005, data: 0.011) D_A: 0.000 G_A: 1.063 cycle_A: 1.339 idt_A: 0.000 D_B: 0.007 G_B: 1.250 cycle_B: 1.381 idt_B: 0.000 
(epoch: 2, iters: 2075136, time: 0.005, data: 0.011) D_A: 0.000 G_A: 1.007 cycle_A: 1.353 idt_A: 0.000 D_B: 0.001 G_B: 0.999 cycle_B: 1.359 idt_B: 0.000 
(epoch: 2, iters: 2087936, time: 0.005, data: 0.011) D_A: 0.002 G_A: 1.145 cycle_A: 1.367 idt_A: 0.000 D_B: 0.002 G_B: 0.914 cycle_B: 1.447 idt_B: 0.000 
(epoch: 2, iters: 2100736, time: 0.005, data: 0.011) D_A: 0.000 G_A: 0.963 cycle_A: 1.306 idt_A: 0.000 D_B: 0.003 G_B: 1.172 cycle_B: 1.629 idt_B: 0.000 
(epoch: 2, iters: 2113536, time: 0.005, data: 0.011) D_A: 0.000 G_A: 0.988 cycle_A: 1.704 idt_A: 0.000 D_B: 0.000 G_B: 0.966 cycle_B: 1.370 idt_B: 0.000 
(epoch: 2, iters: 2126336, time: 0.005, data: 0.011) D_A: 0.296 G_A: 0.811 cycle_A: 1.620 idt_A: 0.000 D_B: 0.658 G_B: 0.022 cycle_B: 1.305 idt_B: 0.000 
(epoch: 2, iters: 2139136, time: 0.005, data: 0.011) D_A: 0.010 G_A: 0.731 cycle_A: 1.574 idt_A: 0.000 D_B: 0.004 G_B: 0.856 cycle_B: 1.374 idt_B: 0.000 
(epoch: 2, iters: 2151936, time: 0.005, data: 0.011) D_A: 0.000 G_A: 1.009 cycle_A: 1.264 idt_A: 0.000 D_B: 0.004 G_B: 1.111 cycle_B: 1.361 idt_B: 0.000 
(epoch: 2, iters: 2164736, time: 0.005, data: 0.011) D_A: 0.000 G_A: 0.990 cycle_A: 1.187 idt_A: 0.000 D_B: 0.002 G_B: 1.101 cycle_B: 1.510 idt_B: 0.000 
(epoch: 2, iters: 2177536, time: 0.005, data: 0.011) D_A: 0.000 G_A: 0.973 cycle_A: 1.330 idt_A: 0.000 D_B: 0.002 G_B: 1.095 cycle_B: 1.587 idt_B: 0.000 
(epoch: 2, iters: 2190336, time: 0.005, data: 0.011) D_A: 0.005 G_A: 1.168 cycle_A: 1.376 idt_A: 0.000 D_B: 0.000 G_B: 1.000 cycle_B: 1.485 idt_B: 0.000 
(epoch: 2, iters: 2203136, time: 0.005, data: 0.011) D_A: 0.000 G_A: 0.997 cycle_A: 1.255 idt_A: 0.000 D_B: 0.000 G_B: 0.987 cycle_B: 1.394 idt_B: 0.000 
(epoch: 2, iters: 2215936, time: 0.005, data: 0.011) D_A: 0.000 G_A: 1.008 cycle_A: 1.213 idt_A: 0.000 D_B: 0.000 G_B: 0.998 cycle_B: 1.335 idt_B: 0.000 
End of epoch 2 / 200 	 Time Taken: 9734 sec
learning rate 0.0002000 -> 0.0002000
slurmstepd: error: *** JOB 66560 ON v001 CANCELLED AT 2021-01-25T05:45:50 DUE TO TIME LIMIT ***
